<?xml version="1.0" encoding="UTF-8"?>
<!-- Generated by org.testng.reporters.JUnitReportReporter -->
<testsuite skipped="0" hostname="Rupom-Rups" name="com.clusters.test.config.TestConfiguration" tests="1" failures="0" timestamp="18 Apr 2018 16:14:13 GMT" time="0.007" errors="0">
  <testcase name="facebookpage" time="0.007" classname="com.clusters.test.config.TestConfiguration"/>
</testsuite> <!-- com.clusters.test.config.TestConfiguration -->
